Determining if the pthread_create exist failed with the following output:
Change Dir: /home/pi/multirotor_ws/build/CMakeFiles/CMakeTmp

Run Build Command:"/usr/bin/make" "cmTC_70b16/fast"
/usr/bin/make -f CMakeFiles/cmTC_70b16.dir/build.make CMakeFiles/cmTC_70b16.dir/build
make[1]: Entering directory '/home/pi/multirotor_ws/build/CMakeFiles/CMakeTmp'
Building C object CMakeFiles/cmTC_70b16.dir/CheckSymbolExists.c.o
/usr/bin/cc    -o CMakeFiles/cmTC_70b16.dir/CheckSymbolExists.c.o   -c /home/pi/multirotor_ws/build/CMakeFiles/CMakeTmp/CheckSymbolExists.c
Linking C executable cmTC_70b16
/usr/bin/cmake -E cmake_link_script CMakeFiles/cmTC_70b16.dir/link.txt --verbose=1
/usr/bin/cc      -rdynamic CMakeFiles/cmTC_70b16.dir/CheckSymbolExists.c.o  -o cmTC_70b16 
CMakeFiles/cmTC_70b16.dir/CheckSymbolExists.c.o: In function `main':
CheckSymbolExists.c:(.text+0x14): undefined reference to `pthread_create'
CheckSymbolExists.c:(.text+0x18): undefined reference to `pthread_create'
collect2: error: ld returned 1 exit status
CMakeFiles/cmTC_70b16.dir/build.make:97: recipe for target 'cmTC_70b16' failed
make[1]: *** [cmTC_70b16] Error 1
make[1]: Leaving directory '/home/pi/multirotor_ws/build/CMakeFiles/CMakeTmp'
Makefile:126: recipe for target 'cmTC_70b16/fast' failed
make: *** [cmTC_70b16/fast] Error 2

File /home/pi/multirotor_ws/build/CMakeFiles/CMakeTmp/CheckSymbolExists.c:
/* */
#include <pthread.h>

int main(int argc, char** argv)
{
  (void)argv;
#ifndef pthread_create
  return ((int*)(&pthread_create))[argc];
#else
  (void)argc;
  return 0;
#endif
}

Determining if the function pthread_create exists in the pthreads failed with the following output:
Change Dir: /home/pi/multirotor_ws/build/CMakeFiles/CMakeTmp

Run Build Command:"/usr/bin/make" "cmTC_f73a9/fast"
/usr/bin/make -f CMakeFiles/cmTC_f73a9.dir/build.make CMakeFiles/cmTC_f73a9.dir/build
make[1]: Entering directory '/home/pi/multirotor_ws/build/CMakeFiles/CMakeTmp'
Building C object CMakeFiles/cmTC_f73a9.dir/CheckFunctionExists.c.o
/usr/bin/cc   -DCHECK_FUNCTION_EXISTS=pthread_create   -o CMakeFiles/cmTC_f73a9.dir/CheckFunctionExists.c.o   -c /usr/share/cmake-3.10/Modules/CheckFunctionExists.c
Linking C executable cmTC_f73a9
/usr/bin/cmake -E cmake_link_script CMakeFiles/cmTC_f73a9.dir/link.txt --verbose=1
/usr/bin/cc  -DCHECK_FUNCTION_EXISTS=pthread_create    -rdynamic CMakeFiles/cmTC_f73a9.dir/CheckFunctionExists.c.o  -o cmTC_f73a9 -lpthreads 
/usr/bin/ld: cannot find -lpthreads
collect2: error: ld returned 1 exit status
CMakeFiles/cmTC_f73a9.dir/build.make:97: recipe for target 'cmTC_f73a9' failed
make[1]: *** [cmTC_f73a9] Error 1
make[1]: Leaving directory '/home/pi/multirotor_ws/build/CMakeFiles/CMakeTmp'
Makefile:126: recipe for target 'cmTC_f73a9/fast' failed
make: *** [cmTC_f73a9/fast] Error 2


